ISim log file
Running: /home/jenn/git/quad_fpga/spi_tb_isim_beh.exe -intstyle ise -gui -tclbatch isim.cmd -view /home/jenn/git/quad_fpga/sdfs.wcfg -wdb /home/jenn/git/quad_fpga/spi_tb_isim_beh.wdb 
ISim O.61xd (signature 0xb4d1ced7)
WARNING: A WEBPACK license was found.
WARNING: Please use Xilinx License Configuration Manager to check out a full ISim license.
WARNING: ISim will run in Lite mode. Please refer to the ISim documentation for more information on the differences between the Lite and the Full version.
This is a Lite version of ISim.
Time resolution is 1 ps
# onerror resume
# run 5us
Simulator is doing circuit initialization process.
at 0 ps, Instance /spi_tb/uut/ : Warning: NUMERIC_STD."=": metavalue detected, returning FALSE
at 0 ps, Instance /spi_tb/uut/ : Warning: NUMERIC_STD.">": metavalue detected, returning FALSE
at 0 ps, Instance /spi_tb/uut/ : Warning: NUMERIC_STD."<": metavalue detected, returning FALSE
at 0 ps, Instance /spi_tb/uut/ : Warning: NUMERIC_STD."=": metavalue detected, returning FALSE
Finished circuit initialization process.
at 100 ns(1), Instance /spi_tb/uut/ : Warning: NUMERIC_STD."=": metavalue detected, returning FALSE
at 100 ns(1), Instance /spi_tb/uut/ : Warning: NUMERIC_STD.">": metavalue detected, returning FALSE
at 100 ns(1), Instance /spi_tb/uut/ : Warning: NUMERIC_STD."<": metavalue detected, returning FALSE
# exit 0
