Command line:
   spi_tb_isim_beh.exe
     -simmode  gui
     -simrunnum  0
     -socket  58552

Thu Oct 18 14:18:03 2012


 Elaboration Time: 0.02 sec

 Current Memory Usage: 158.11 Meg

 Total Signals          : 35
 Total Nets             : 81
 Total Signal Drivers   : 23
 Total Blocks           : 4
 Total Primitive Blocks : 3
 Total Processes        : 13
 Total Traceable Variables  : 15
 Total Scalar Nets and Variables : 566
Total Line Count : 81

 Total Simulation Time: 0.04 sec

 Current Memory Usage: 233.611 Meg

Thu Oct 18 14:19:52 2012

