CoreGen has not been configured with any user repositories.
CoreGen has been configured with the following Xilinx repositories:
 - '/opt/Xilinx/13.2/ISE_DS/ISE/coregen/' [reloaded]
INFO:sim - Generating component instance 'fifo' of
   'xilinx.com:ip:fifo_generator:8.2' from
   '/opt/Xilinx/13.2/ISE_DS/ISE/coregen/ip/xilinx/primary/com/xilinx/ip/fifo_gen
   erator_v8_2/component.xml'.
Resolving generics for 'fifo'...
Applying external generics to 'fifo'...
Delivering associated files for 'fifo'...
Delivering EJava files for 'fifo'...
Generating implementation netlist for 'fifo'...
INFO:sim - Pre-processing HDL files for 'fifo'...
WARNING:sim - BlackBox generator run option '-ifmt' found multiple times. Only
   the first occurence is considered.
Running synthesis for 'fifo'
Writing VHO instantiation template for 'fifo'...
Writing VHDL behavioral simulation model for 'fifo'...
Generating ASY schematic symbol...
Generating SYM schematic symbol for 'fifo'...
Generating metadata file...
Generating metadata file...
Generating ISE project...
Generating README file...
Generating FLIST file...
INFO:sim - Finished FLIST file generation.
Launching README viewer...
Moving files to output directory...
Finished moving files to output directory
Wrote CGP file for project 'fifo'.
